{
	"start":	{
		"connected":	[{
				"socket":	6,
				"local_host":	"10.5.0.10",
				"local_port":	5201,
				"remote_host":	"10.5.0.20",
				"remote_port":	37506
			}],
		"version":	"iperf 3.9",
		"system_info":	"Linux server 6.8.0-64-generic #67~22.04.1-Ubuntu SMP PREEMPT_DYNAMIC Tue Jun 24 15:19:46 UTC 2 x86_64",
		"sock_bufsize":	0,
		"sndbuf_actual":	16384,
		"rcvbuf_actual":	131072,
		"timestamp":	{
			"time":	"Sat, 26 Jul 2025 02:23:58 GMT",
			"timesecs":	1753496638
		},
		"accepted_connection":	{
			"host":	"10.5.0.20",
			"port":	37504
		},
		"cookie":	"fheg2xmq4go42tkhjtbo4vlx6i3ay2eblvma",
		"tcp_mss_default":	0,
		"test_start":	{
			"protocol":	"TCP",
			"num_streams":	1,
			"blksize":	131072,
			"omit":	0,
			"duration":	5,
			"bytes":	0,
			"blocks":	0,
			"reverse":	0,
			"tos":	0
		}
	},
	"intervals":	[{
			"streams":	[{
					"socket":	6,
					"start":	0,
					"end":	1.000018,
					"seconds":	1.0000180006027222,
					"bytes":	5549457408,
					"bits_per_second":	44394860129.7599,
					"omitted":	false,
					"sender":	false
				}],
			"sum":	{
				"start":	0,
				"end":	1.000018,
				"seconds":	1.0000180006027222,
				"bytes":	5549457408,
				"bits_per_second":	44394860129.7599,
				"omitted":	false,
				"sender":	false
			}
		}, {
			"streams":	[{
					"socket":	6,
					"start":	1.000018,
					"end":	2.000009,
					"seconds":	0.999990999698639,
					"bytes":	5764546560,
					"bits_per_second":	46116787544.9857,
					"omitted":	false,
					"sender":	false
				}],
			"sum":	{
				"start":	1.000018,
				"end":	2.000009,
				"seconds":	0.999990999698639,
				"bytes":	5764546560,
				"bits_per_second":	46116787544.9857,
				"omitted":	false,
				"sender":	false
			}
		}, {
			"streams":	[{
					"socket":	6,
					"start":	2.000009,
					"end":	3.00001,
					"seconds":	1.0000009536743164,
					"bytes":	5967708160,
					"bits_per_second":	47741619750.043419,
					"omitted":	false,
					"sender":	false
				}],
			"sum":	{
				"start":	2.000009,
				"end":	3.00001,
				"seconds":	1.0000009536743164,
				"bytes":	5967708160,
				"bits_per_second":	47741619750.043419,
				"omitted":	false,
				"sender":	false
			}
		}, {
			"streams":	[{
					"socket":	6,
					"start":	3.00001,
					"end":	4.000021,
					"seconds":	1.0000109672546387,
					"bytes":	6307315712,
					"bits_per_second":	50457972310.569122,
					"omitted":	false,
					"sender":	false
				}],
			"sum":	{
				"start":	3.00001,
				"end":	4.000021,
				"seconds":	1.0000109672546387,
				"bytes":	6307315712,
				"bits_per_second":	50457972310.569122,
				"omitted":	false,
				"sender":	false
			}
		}, {
			"streams":	[{
					"socket":	6,
					"start":	4.000021,
					"end":	5.000017,
					"seconds":	0.9999960064888,
					"bytes":	6057885696,
					"bits_per_second":	48463279106.6479,
					"omitted":	false,
					"sender":	false
				}],
			"sum":	{
				"start":	4.000021,
				"end":	5.000017,
				"seconds":	0.9999960064888,
				"bytes":	6057885696,
				"bits_per_second":	48463279106.6479,
				"omitted":	false,
				"sender":	false
			}
		}, {
			"streams":	[{
					"socket":	6,
					"start":	5.000017,
					"end":	5.032354,
					"seconds":	0.0323369987308979,
					"bytes":	221773824,
					"bits_per_second":	54865654254.572685,
					"omitted":	false,
					"sender":	false
				}],
			"sum":	{
				"start":	5.000017,
				"end":	5.032354,
				"seconds":	0.0323369987308979,
				"bytes":	221773824,
				"bits_per_second":	54865654254.572685,
				"omitted":	false,
				"sender":	false
			}
		}],
	"end":	{
		"streams":	[{
				"sender":	{
					"socket":	6,
					"start":	0,
					"end":	5.032354,
					"seconds":	5.032354,
					"bytes":	0,
					"bits_per_second":	0,
					"sender":	false
				},
				"receiver":	{
					"socket":	6,
					"start":	0,
					"end":	5.032354,
					"seconds":	5.032354,
					"bytes":	29868687360,
					"bits_per_second":	47482649050.523872,
					"sender":	false
				}
			}],
		"sum_sent":	{
			"start":	0,
			"end":	5.032354,
			"seconds":	5.032354,
			"bytes":	0,
			"bits_per_second":	0,
			"sender":	false
		},
		"sum_received":	{
			"start":	0,
			"end":	5.032354,
			"seconds":	5.032354,
			"bytes":	29868687360,
			"bits_per_second":	47482649050.523872,
			"sender":	false
		},
		"cpu_utilization_percent":	{
			"host_total":	13.812739950891659,
			"host_user":	0.508620115341056,
			"host_system":	13.304107526924735,
			"remote_total":	0,
			"remote_user":	0,
			"remote_system":	0
		},
		"receiver_tcp_congestion":	"cubic"
	}
}
